# JRE version: Java(TM) SE Runtime Environment (19.0.2+7) (build 19.0.2+7-44)
# Java VM: Java HotSpot(TM) 64-Bit Server VM (19.0.2+7-44, mixed mode, sharing, tiered, compressed oops, compressed class ptrs, g1 gc, windows-amd64)
GC Precious Log:
 CardTable entry size: 512
 Card Set container configuration: InlinePtr #cards 5 size 8 Array Of Cards #cards 12 size 40 Howl #buckets 4 coarsen threshold 1843 Howl Bitmap #cards 512 size 80 coarsen threshold 460 Card regions per heap region 1 cards per card region 2048
 CPUs: 8 total, 8 available
 Memory: 8050M
 Large Page Support: Disabled
 NUMA Support: Disabled
 Compressed Oops: Enabled (32-bit)
 Heap Region Size: 1M
 Heap Min Capacity: 8M
 Heap Initial Capacity: 126M
 Heap Max Capacity: 2014M
 Pre-touch: Disabled
 Parallel Workers: 8
 Concurrent Workers: 2
 Concurrent Refinement Workers: 8
 Periodic GC: Disabled
Heap:
 garbage-first heap   total 68608K, used 28677K [0x0000000082200000, 0x0000000100000000)
  region size 1024K, 2 young (2048K), 2 survivors (2048K)
 Metaspace       used 68233K, committed 68864K, reserved 1114112K
  class space    used 8963K, committed 9280K, reserved 1048576K
GC Heap History (20 events):
Event: 3.951 GC heap after
{Heap after GC invocations=5 (full 0):
 garbage-first heap   total 55296K, used 16506K [0x0000000082200000, 0x0000000100000000)
  region size 1024K, 4 young (4096K), 4 survivors (4096K)
 Metaspace       used 25760K, committed 26240K, reserved 1114112K
  class space    used 3199K, committed 3456K, reserved 1048576K
}
Event: 3.974 GC heap before
{Heap before GC invocations=5 (full 0):
 garbage-first heap   total 55296K, used 17530K [0x0000000082200000, 0x0000000100000000)
  region size 1024K, 5 young (5120K), 4 survivors (4096K)
 Metaspace       used 25939K, committed 26432K, reserved 1114112K
  class space    used 3220K, committed 3456K, reserved 1048576K
}
Event: 3.978 GC heap after
{Heap after GC invocations=6 (full 0):
 garbage-first heap   total 55296K, used 16847K [0x0000000082200000, 0x0000000100000000)
  region size 1024K, 1 young (1024K), 1 survivors (1024K)
 Metaspace       used 25939K, committed 26432K, reserved 1114112K
  class space    used 3220K, committed 3456K, reserved 1048576K
}
Event: 4.598 GC heap before
{Heap before GC invocations=6 (full 0):
 garbage-first heap   total 55296K, used 37327K [0x0000000082200000, 0x0000000100000000)
  region size 1024K, 22 young (22528K), 1 survivors (1024K)
 Metaspace       used 30963K, committed 31488K, reserved 1114112K
  class space    used 3819K, committed 4096K, reserved 1048576K
}
Event: 4.601 GC heap after
{Heap after GC invocations=7 (full 0):
 garbage-first heap   total 92160K, used 17951K [0x0000000082200000, 0x0000000100000000)
  region size 1024K, 2 young (2048K), 2 survivors (2048K)
 Metaspace       used 30963K, committed 31488K, reserved 1114112K
  class space    used 3819K, committed 4096K, reserved 1048576K
}
Event: 5.059 GC heap before
{Heap before GC invocations=7 (full 0):
 garbage-first heap   total 92160K, used 34335K [0x0000000082200000, 0x0000000100000000)
  region size 1024K, 19 young (19456K), 2 survivors (2048K)
 Metaspace       used 35585K, committed 36096K, reserved 1114112K
  class space    used 4560K, committed 4800K, reserved 1048576K
}
Event: 5.063 GC heap after
{Heap after GC invocations=8 (full 0):
 garbage-first heap   total 92160K, used 18788K [0x0000000082200000, 0x0000000100000000)
  region size 1024K, 3 young (3072K), 3 survivors (3072K)
 Metaspace       used 35585K, committed 36096K, reserved 1114112K
  class space    used 4560K, committed 4800K, reserved 1048576K
}
Event: 6.379 GC heap before
{Heap before GC invocations=9 (full 0):
 garbage-first heap   total 68608K, used 55652K [0x0000000082200000, 0x0000000100000000)
  region size 1024K, 40 young (40960K), 3 survivors (3072K)
 Metaspace       used 49183K, committed 49728K, reserved 1114112K
  class space    used 6167K, committed 6400K, reserved 1048576K
}
Event: 6.383 GC heap after
{Heap after GC invocations=10 (full 0):
 garbage-first heap   total 68608K, used 22000K [0x0000000082200000, 0x0000000100000000)
  region size 1024K, 5 young (5120K), 5 survivors (5120K)
 Metaspace       used 49183K, committed 49728K, reserved 1114112K
  class space    used 6167K, committed 6400K, reserved 1048576K
}
Event: 6.402 GC heap before
{Heap before GC invocations=10 (full 0):
 garbage-first heap   total 68608K, used 23024K [0x0000000082200000, 0x0000000100000000)
  region size 1024K, 6 young (6144K), 5 survivors (5120K)
 Metaspace       used 49394K, committed 49920K, reserved 1114112K
  class space    used 6209K, committed 6464K, reserved 1048576K
}
Event: 6.406 GC heap after
{Heap after GC invocations=11 (full 0):
 garbage-first heap   total 68608K, used 22186K [0x0000000082200000, 0x0000000100000000)
  region size 1024K, 1 young (1024K), 1 survivors (1024K)
 Metaspace       used 49394K, committed 49920K, reserved 1114112K
  class space    used 6209K, committed 6464K, reserved 1048576K
}
Event: 7.088 GC heap before
{Heap before GC invocations=11 (full 0):
 garbage-first heap   total 68608K, used 50858K [0x0000000082200000, 0x0000000100000000)
  region size 1024K, 30 young (30720K), 1 survivors (1024K)
 Metaspace       used 58466K, committed 59072K, reserved 1114112K
  class space    used 7590K, committed 7872K, reserved 1048576K
}
Event: 7.090 GC heap after
{Heap after GC invocations=12 (full 0):
 garbage-first heap   total 68608K, used 23571K [0x0000000082200000, 0x0000000100000000)
  region size 1024K, 3 young (3072K), 3 survivors (3072K)
 Metaspace       used 58466K, committed 59072K, reserved 1114112K
  class space    used 7590K, committed 7872K, reserved 1048576K
}
Event: 7.245 GC heap before
{Heap before GC invocations=12 (full 0):
 garbage-first heap   total 68608K, used 29715K [0x0000000082200000, 0x0000000100000000)
  region size 1024K, 10 young (10240K), 3 survivors (3072K)
 Metaspace       used 59950K, committed 60480K, reserved 1114112K
  class space    used 7740K, committed 8000K, reserved 1048576K
}
Event: 7.248 GC heap after
{Heap after GC invocations=13 (full 0):
 garbage-first heap   total 68608K, used 23960K [0x0000000082200000, 0x0000000100000000)
  region size 1024K, 3 young (3072K), 3 survivors (3072K)
 Metaspace       used 59950K, committed 60480K, reserved 1114112K
  class space    used 7740K, committed 8000K, reserved 1048576K
}
Event: 7.833 GC heap before
{Heap before GC invocations=14 (full 0):
 garbage-first heap   total 68608K, used 50584K [0x0000000082200000, 0x0000000100000000)
  region size 1024K, 29 young (29696K), 3 survivors (3072K)
 Metaspace       used 63022K, committed 63680K, reserved 1114112K
  class space    used 8245K, committed 8576K, reserved 1048576K
}
Event: 7.840 GC heap after
{Heap after GC invocations=15 (full 0):
 garbage-first heap   total 68608K, used 27037K [0x0000000082200000, 0x0000000100000000)
  region size 1024K, 4 young (4096K), 4 survivors (4096K)
 Metaspace       used 63022K, committed 63680K, reserved 1114112K
  class space    used 8245K, committed 8576K, reserved 1048576K
}
Event: 7.869 GC heap before
{Heap before GC invocations=15 (full 0):
 garbage-first heap   total 68608K, used 28061K [0x0000000082200000, 0x0000000100000000)
  region size 1024K, 5 young (5120K), 4 survivors (4096K)
 Metaspace       used 63117K, committed 63744K, reserved 1114112K
  class space    used 8267K, committed 8576K, reserved 1048576K
}
Event: 7.884 GC heap after
{Heap after GC invocations=16 (full 0):
 garbage-first heap   total 68608K, used 27211K [0x0000000082200000, 0x0000000100000000)
  region size 1024K, 1 young (1024K), 1 survivors (1024K)
 Metaspace       used 63117K, committed 63744K, reserved 1114112K
  class space    used 8267K, committed 8576K, reserved 1048576K
}
Event: 36.434 GC heap before
{Heap before GC invocations=16 (full 0):
 garbage-first heap   total 68608K, used 49739K [0x0000000082200000, 0x0000000100000000)
  region size 1024K, 24 young (24576K), 1 survivors (1024K)
 Metaspace       used 68233K, committed 68864K, reserved 1114112K
  class space    used 8963K, committed 9280K, reserved 1048576K
}

